2026-01-20 03:22:01 | REGISTER_SUCCESS | {"user_id":4}
2026-01-20 03:26:29 | REGISTER_SUCCESS | {"user_id":5}
2026-01-20 03:27:24 | LOGIN_SUCCESS | {"user_id":5}
2026-01-20 03:29:36 | LOGIN_SUCCESS | {"user_id":4}
2026-01-20 03:31:23 | LOGIN_SUCCESS | {"user_id":5}
2026-01-20 03:33:34 | LOGIN_SUCCESS | {"user_id":5}
2026-01-20 03:34:10 | LOGIN_SUCCESS | {"user_id":5}
2026-01-20 03:35:31 | LOGIN_SUCCESS | {"user_id":5}
2026-01-20 03:36:56 | LOGIN_SUCCESS | {"user_id":4}
2026-01-20 03:37:36 | LOGIN_SUCCESS | {"user_id":5}
2026-01-20 03:39:44 | LOGIN_SUCCESS | {"user_id":5}
2026-01-20 03:40:50 | LOGIN_SUCCESS | {"user_id":5}
2026-01-20 03:42:54 | LOGIN_SUCCESS | {"user_id":5}
2026-01-20 03:45:02 | LOGIN_SUCCESS | {"user_id":5}
2026-01-20 03:47:06 | LOGIN_SUCCESS | {"user_id":5}
2026-01-20 03:47:28 | LOGIN_SUCCESS | {"user_id":5}
2026-01-20 03:47:51 | LOGIN_SUCCESS | {"user_id":5}
2026-01-20 03:48:11 | LOGIN_SUCCESS | {"user_id":5}
2026-01-20 03:52:03 | LOGIN_SUCCESS | {"user_id":5}
2026-01-20 03:58:19 | LOGIN_FAILED | {"telephone":"0123456789"}
2026-01-20 03:58:36 | LOGIN_FAILED | {"telephone":"0701071918"}
2026-01-20 03:58:52 | LOGIN_SUCCESS | {"user_id":5}
2026-01-20 03:59:26 | LOGOUT_SUCCESS | {"user_id":5}
2026-01-20 03:59:36 | LOGIN_SUCCESS | {"user_id":5}
2026-01-20 04:10:48 | LOGIN_FAILED | {"telephone":"0701071918"}
2026-01-20 04:10:57 | LOGIN_SUCCESS | {"user_id":5}
2026-01-20 04:19:41 | PASSWORD_CHANGED | {"user_id":5}
2026-01-20 04:19:53 | LOGOUT_SUCCESS | {"user_id":5}
2026-01-20 04:20:02 | LOGIN_FAILED | {"telephone":"0701071918"}
2026-01-20 04:20:10 | LOGIN_SUCCESS | {"user_id":5}
2026-01-20 04:34:58 | LOGIN_SUCCESS | {"user_id":5}
2026-01-20 13:17:59 | LOGIN_SUCCESS | {"user_id":5}
2026-01-20 14:12:40 | LOGIN_SUCCESS | {"user_id":5}
2026-01-20 14:18:44 | LOGIN_FAILED | {"telephone":"0701071918"}
2026-01-20 14:18:54 | LOGIN_SUCCESS | {"user_id":5}
2026-01-20 15:49:49 | LOGIN_FAILED | {"telephone":"2222222222"}
2026-01-20 15:51:04 | LOGIN_SUCCESS | {"user_id":5}
2026-01-20 15:58:35 | REGISTER_SUCCESS | {"user_id":6}
2026-01-20 16:17:03 | REGISTER_SUCCESS | {"user_id":7}
2026-01-20 16:17:53 | PASSWORD_CHANGED | {"user_id":7}
2026-01-20 16:18:19 | LOGIN_SUCCESS | {"user_id":7}
